{"C:\\Users\\Lamberto Nunez\\pet-directory\\config\\config.js": {"path":"C:\\Users\\Lamberto Nunez\\pet-directory\\config\\config.js","statementMap":{"0":{"start":{"line":1,"column":11},"end":{"line":1,"column":24}},"1":{"start":{"line":2,"column":0},"end":{"line":2,"column":27}},"2":{"start":{"line":4,"column":18},"end":{"line":10,"column":1}},"3":{"start":{"line":5,"column":2},"end":{"line":5,"column":54}},"4":{"start":{"line":5,"column":27},"end":{"line":5,"column":54}},"5":{"start":{"line":6,"column":2},"end":{"line":8,"column":3}},"6":{"start":{"line":7,"column":4},"end":{"line":7,"column":64}},"7":{"start":{"line":9,"column":2},"end":{"line":9,"column":22}},"8":{"start":{"line":13,"column":18},"end":{"line":13,"column":75}},"9":{"start":{"line":16,"column":17},"end":{"line":38,"column":1}},"10":{"start":{"line":40,"column":0},"end":{"line":40,"column":26}}},"fnMap":{"0":{"name":"(anonymous_0)","decl":{"start":{"line":4,"column":18},"end":{"line":4,"column":19}},"loc":{"start":{"line":4,"column":60},"end":{"line":10,"column":1}},"line":4}},"branchMap":{"0":{"loc":{"start":{"line":4,"column":36},"end":{"line":4,"column":55}},"type":"default-arg","locations":[{"start":{"line":4,"column":51},"end":{"line":4,"column":55}}],"line":4},"1":{"loc":{"start":{"line":5,"column":2},"end":{"line":5,"column":54}},"type":"if","locations":[{"start":{"line":5,"column":2},"end":{"line":5,"column":54}},{"start":{},"end":{}}],"line":5},"2":{"loc":{"start":{"line":6,"column":2},"end":{"line":8,"column":3}},"type":"if","locations":[{"start":{"line":6,"column":2},"end":{"line":8,"column":3}},{"start":{},"end":{}}],"line":6},"3":{"loc":{"start":{"line":6,"column":6},"end":{"line":6,"column":65}},"type":"binary-expr","locations":[{"start":{"line":6,"column":6},"end":{"line":6,"column":26}},{"start":{"line":6,"column":30},"end":{"line":6,"column":65}}],"line":6},"4":{"loc":{"start":{"line":21,"column":10},"end":{"line":21,"column":44}},"type":"binary-expr","locations":[{"start":{"line":21,"column":10},"end":{"line":21,"column":29}},{"start":{"line":21,"column":33},"end":{"line":21,"column":44}}],"line":21}},"s":{"0":6,"1":6,"2":6,"3":48,"4":0,"5":48,"6":0,"7":48,"8":6,"9":6,"10":6},"f":{"0":48},"b":{"0":[18],"1":[0,48],"2":[0,48],"3":[48,48],"4":[6,0]},"_coverageSchema":"1a1c01bbd47fc00a2c39e90264f33305004495a9","hash":"7e4def33ea7bdbf0f3e9f98587e540e40b590f43"}
,"C:\\Users\\Lamberto Nunez\\pet-directory\\config\\db.js": {"path":"C:\\Users\\Lamberto Nunez\\pet-directory\\config\\db.js","statementMap":{"0":{"start":{"line":2,"column":11},"end":{"line":2,"column":24}},"1":{"start":{"line":3,"column":22},"end":{"line":3,"column":42}},"2":{"start":{"line":4,"column":0},"end":{"line":4,"column":27}},"3":{"start":{"line":7,"column":18},"end":{"line":13,"column":1}},"4":{"start":{"line":8,"column":2},"end":{"line":8,"column":54}},"5":{"start":{"line":8,"column":27},"end":{"line":8,"column":54}},"6":{"start":{"line":9,"column":2},"end":{"line":11,"column":3}},"7":{"start":{"line":10,"column":4},"end":{"line":10,"column":64}},"8":{"start":{"line":12,"column":2},"end":{"line":12,"column":22}},"9":{"start":{"line":16,"column":18},"end":{"line":16,"column":75}},"10":{"start":{"line":18,"column":15},"end":{"line":18,"column":34}},"11":{"start":{"line":21,"column":12},"end":{"line":21,"column":49}},"12":{"start":{"line":22,"column":24},"end":{"line":22,"column":35}},"13":{"start":{"line":24,"column":18},"end":{"line":33,"column":1}},"14":{"start":{"line":35,"column":0},"end":{"line":35,"column":42}}},"fnMap":{"0":{"name":"(anonymous_0)","decl":{"start":{"line":7,"column":18},"end":{"line":7,"column":19}},"loc":{"start":{"line":7,"column":60},"end":{"line":13,"column":1}},"line":7}},"branchMap":{"0":{"loc":{"start":{"line":7,"column":36},"end":{"line":7,"column":55}},"type":"default-arg","locations":[{"start":{"line":7,"column":51},"end":{"line":7,"column":55}}],"line":7},"1":{"loc":{"start":{"line":8,"column":2},"end":{"line":8,"column":54}},"type":"if","locations":[{"start":{"line":8,"column":2},"end":{"line":8,"column":54}},{"start":{},"end":{}}],"line":8},"2":{"loc":{"start":{"line":9,"column":2},"end":{"line":11,"column":3}},"type":"if","locations":[{"start":{"line":9,"column":2},"end":{"line":11,"column":3}},{"start":{},"end":{}}],"line":9},"3":{"loc":{"start":{"line":9,"column":6},"end":{"line":9,"column":65}},"type":"binary-expr","locations":[{"start":{"line":9,"column":6},"end":{"line":9,"column":26}},{"start":{"line":9,"column":30},"end":{"line":9,"column":65}}],"line":9},"4":{"loc":{"start":{"line":21,"column":12},"end":{"line":21,"column":49}},"type":"binary-expr","locations":[{"start":{"line":21,"column":12},"end":{"line":21,"column":32}},{"start":{"line":21,"column":36},"end":{"line":21,"column":49}}],"line":21}},"s":{"0":2,"1":2,"2":2,"3":2,"4":2,"5":0,"6":2,"7":0,"8":2,"9":2,"10":2,"11":2,"12":2,"13":2,"14":2},"f":{"0":2},"b":{"0":[0],"1":[0,2],"2":[0,2],"3":[2,2],"4":[2,0]},"_coverageSchema":"1a1c01bbd47fc00a2c39e90264f33305004495a9","hash":"f2b7fc8fa542c395d88b36cb398c4e9b5cb36116"}
,"C:\\Users\\Lamberto Nunez\\pet-directory\\controllers\\authController.js": {"path":"C:\\Users\\Lamberto Nunez\\pet-directory\\controllers\\authController.js","statementMap":{"0":{"start":{"line":1,"column":17},"end":{"line":1,"column":37}},"1":{"start":{"line":2,"column":15},"end":{"line":2,"column":32}},"2":{"start":{"line":3,"column":12},"end":{"line":3,"column":35}},"3":{"start":{"line":4,"column":22},"end":{"line":4,"column":45}},"4":{"start":{"line":7,"column":0},"end":{"line":19,"column":2}},"5":{"start":{"line":8,"column":42},"end":{"line":8,"column":50}},"6":{"start":{"line":9,"column":2},"end":{"line":18,"column":3}},"7":{"start":{"line":10,"column":27},"end":{"line":10,"column":58}},"8":{"start":{"line":11,"column":17},"end":{"line":11,"column":83}},"9":{"start":{"line":13,"column":18},"end":{"line":13,"column":92}},"10":{"start":{"line":14,"column":4},"end":{"line":14,"column":42}},"11":{"start":{"line":16,"column":4},"end":{"line":16,"column":50}},"12":{"start":{"line":17,"column":4},"end":{"line":17,"column":49}},"13":{"start":{"line":22,"column":0},"end":{"line":36,"column":2}},"14":{"start":{"line":23,"column":30},"end":{"line":23,"column":38}},"15":{"start":{"line":24,"column":2},"end":{"line":35,"column":3}},"16":{"start":{"line":25,"column":17},"end":{"line":25,"column":57}},"17":{"start":{"line":26,"column":4},"end":{"line":26,"column":72}},"18":{"start":{"line":26,"column":15},"end":{"line":26,"column":72}},"19":{"start":{"line":28,"column":18},"end":{"line":28,"column":63}},"20":{"start":{"line":29,"column":4},"end":{"line":29,"column":78}},"21":{"start":{"line":29,"column":16},"end":{"line":29,"column":78}},"22":{"start":{"line":31,"column":18},"end":{"line":31,"column":92}},"23":{"start":{"line":32,"column":4},"end":{"line":32,"column":30}},"24":{"start":{"line":34,"column":4},"end":{"line":34,"column":49}}},"fnMap":{"0":{"name":"(anonymous_0)","decl":{"start":{"line":7,"column":19},"end":{"line":7,"column":20}},"loc":{"start":{"line":7,"column":39},"end":{"line":19,"column":1}},"line":7},"1":{"name":"(anonymous_1)","decl":{"start":{"line":22,"column":16},"end":{"line":22,"column":17}},"loc":{"start":{"line":22,"column":36},"end":{"line":36,"column":1}},"line":22}},"branchMap":{"0":{"loc":{"start":{"line":26,"column":4},"end":{"line":26,"column":72}},"type":"if","locations":[{"start":{"line":26,"column":4},"end":{"line":26,"column":72}},{"start":{},"end":{}}],"line":26},"1":{"loc":{"start":{"line":29,"column":4},"end":{"line":29,"column":78}},"type":"if","locations":[{"start":{"line":29,"column":4},"end":{"line":29,"column":78}},{"start":{},"end":{}}],"line":29}},"s":{"0":2,"1":2,"2":2,"3":2,"4":2,"5":2,"6":2,"7":2,"8":2,"9":1,"10":1,"11":1,"12":1,"13":2,"14":3,"15":3,"16":3,"17":3,"18":1,"19":2,"20":2,"21":1,"22":1,"23":1,"24":0},"f":{"0":2,"1":3},"b":{"0":[1,2],"1":[1,1]},"_coverageSchema":"1a1c01bbd47fc00a2c39e90264f33305004495a9","hash":"ce12d19241e141758dbd94513a3d8be3a75e0e1e"}
,"C:\\Users\\Lamberto Nunez\\pet-directory\\controllers\\businessController.js": {"path":"C:\\Users\\Lamberto Nunez\\pet-directory\\controllers\\businessController.js","statementMap":{"0":{"start":{"line":1,"column":21},"end":{"line":1,"column":41}},"1":{"start":{"line":4,"column":0},"end":{"line":11,"column":2}},"2":{"start":{"line":5,"column":2},"end":{"line":10,"column":3}},"3":{"start":{"line":6,"column":21},"end":{"line":6,"column":80}},"4":{"start":{"line":7,"column":4},"end":{"line":7,"column":35}},"5":{"start":{"line":9,"column":4},"end":{"line":9,"column":49}},"6":{"start":{"line":14,"column":0},"end":{"line":28,"column":2}},"7":{"start":{"line":15,"column":2},"end":{"line":27,"column":3}},"8":{"start":{"line":16,"column":45},"end":{"line":16,"column":54}},"9":{"start":{"line":17,"column":19},"end":{"line":17,"column":37}},"10":{"start":{"line":19,"column":18},"end":{"line":21,"column":10}},"11":{"start":{"line":23,"column":23},"end":{"line":23,"column":106}},"12":{"start":{"line":24,"column":4},"end":{"line":24,"column":25}},"13":{"start":{"line":26,"column":4},"end":{"line":26,"column":49}}},"fnMap":{"0":{"name":"(anonymous_0)","decl":{"start":{"line":4,"column":25},"end":{"line":4,"column":26}},"loc":{"start":{"line":4,"column":45},"end":{"line":11,"column":1}},"line":4},"1":{"name":"(anonymous_1)","decl":{"start":{"line":14,"column":24},"end":{"line":14,"column":25}},"loc":{"start":{"line":14,"column":44},"end":{"line":28,"column":1}},"line":14}},"branchMap":{"0":{"loc":{"start":{"line":16,"column":12},"end":{"line":16,"column":20}},"type":"default-arg","locations":[{"start":{"line":16,"column":19},"end":{"line":16,"column":20}}],"line":16},"1":{"loc":{"start":{"line":16,"column":22},"end":{"line":16,"column":32}},"type":"default-arg","locations":[{"start":{"line":16,"column":30},"end":{"line":16,"column":32}}],"line":16},"2":{"loc":{"start":{"line":19,"column":18},"end":{"line":21,"column":10}},"type":"cond-expr","locations":[{"start":{"line":20,"column":8},"end":{"line":20,"column":68}},{"start":{"line":21,"column":8},"end":{"line":21,"column":10}}],"line":19}},"s":{"0":1,"1":1,"2":2,"3":2,"4":1,"5":1,"6":1,"7":3,"8":3,"9":3,"10":3,"11":3,"12":3,"13":0},"f":{"0":2,"1":3},"b":{"0":[2],"1":[2],"2":[1,2]},"_coverageSchema":"1a1c01bbd47fc00a2c39e90264f33305004495a9","hash":"ef87d6e532bce9aa6e2eb831a664edb4c8d0e2d7"}
,"C:\\Users\\Lamberto Nunez\\pet-directory\\controllers\\reviewController.js": {"path":"C:\\Users\\Lamberto Nunez\\pet-directory\\controllers\\reviewController.js","statementMap":{"0":{"start":{"line":1,"column":29},"end":{"line":1,"column":49}},"1":{"start":{"line":4,"column":0},"end":{"line":21,"column":2}},"2":{"start":{"line":5,"column":42},"end":{"line":5,"column":50}},"3":{"start":{"line":6,"column":2},"end":{"line":20,"column":3}},"4":{"start":{"line":7,"column":21},"end":{"line":7,"column":56}},"5":{"start":{"line":8,"column":4},"end":{"line":8,"column":80}},"6":{"start":{"line":8,"column":19},"end":{"line":8,"column":80}},"7":{"start":{"line":10,"column":19},"end":{"line":15,"column":6}},"8":{"start":{"line":17,"column":4},"end":{"line":17,"column":33}},"9":{"start":{"line":19,"column":4},"end":{"line":19,"column":49}},"10":{"start":{"line":24,"column":0},"end":{"line":39,"column":2}},"11":{"start":{"line":25,"column":25},"end":{"line":25,"column":35}},"12":{"start":{"line":26,"column":35},"end":{"line":26,"column":44}},"13":{"start":{"line":27,"column":17},"end":{"line":27,"column":35}},"14":{"start":{"line":29,"column":2},"end":{"line":38,"column":3}},"15":{"start":{"line":30,"column":20},"end":{"line":34,"column":6}},"16":{"start":{"line":35,"column":4},"end":{"line":35,"column":22}},"17":{"start":{"line":37,"column":4},"end":{"line":37,"column":49}},"18":{"start":{"line":42,"column":0},"end":{"line":57,"column":2}},"19":{"start":{"line":43,"column":17},"end":{"line":43,"column":27}},"20":{"start":{"line":44,"column":2},"end":{"line":56,"column":3}},"21":{"start":{"line":45,"column":19},"end":{"line":45,"column":44}},"22":{"start":{"line":46,"column":4},"end":{"line":46,"column":76}},"23":{"start":{"line":46,"column":17},"end":{"line":46,"column":76}},"24":{"start":{"line":48,"column":4},"end":{"line":50,"column":5}},"25":{"start":{"line":49,"column":6},"end":{"line":49,"column":61}},"26":{"start":{"line":52,"column":4},"end":{"line":52,"column":27}},"27":{"start":{"line":53,"column":4},"end":{"line":53,"column":44}},"28":{"start":{"line":55,"column":4},"end":{"line":55,"column":49}}},"fnMap":{"0":{"name":"(anonymous_0)","decl":{"start":{"line":4,"column":23},"end":{"line":4,"column":24}},"loc":{"start":{"line":4,"column":43},"end":{"line":21,"column":1}},"line":4},"1":{"name":"(anonymous_1)","decl":{"start":{"line":24,"column":29},"end":{"line":24,"column":30}},"loc":{"start":{"line":24,"column":49},"end":{"line":39,"column":1}},"line":24},"2":{"name":"(anonymous_2)","decl":{"start":{"line":42,"column":23},"end":{"line":42,"column":24}},"loc":{"start":{"line":42,"column":43},"end":{"line":57,"column":1}},"line":42}},"branchMap":{"0":{"loc":{"start":{"line":8,"column":4},"end":{"line":8,"column":80}},"type":"if","locations":[{"start":{"line":8,"column":4},"end":{"line":8,"column":80}},{"start":{},"end":{}}],"line":8},"1":{"loc":{"start":{"line":26,"column":10},"end":{"line":26,"column":18}},"type":"default-arg","locations":[{"start":{"line":26,"column":17},"end":{"line":26,"column":18}}],"line":26},"2":{"loc":{"start":{"line":26,"column":20},"end":{"line":26,"column":30}},"type":"default-arg","locations":[{"start":{"line":26,"column":28},"end":{"line":26,"column":30}}],"line":26},"3":{"loc":{"start":{"line":46,"column":4},"end":{"line":46,"column":76}},"type":"if","locations":[{"start":{"line":46,"column":4},"end":{"line":46,"column":76}},{"start":{},"end":{}}],"line":46},"4":{"loc":{"start":{"line":48,"column":4},"end":{"line":50,"column":5}},"type":"if","locations":[{"start":{"line":48,"column":4},"end":{"line":50,"column":5}},{"start":{},"end":{}}],"line":48},"5":{"loc":{"start":{"line":48,"column":8},"end":{"line":48,"column":66}},"type":"binary-expr","locations":[{"start":{"line":48,"column":8},"end":{"line":48,"column":37}},{"start":{"line":48,"column":41},"end":{"line":48,"column":66}}],"line":48}},"s":{"0":1,"1":1,"2":2,"3":2,"4":2,"5":2,"6":1,"7":1,"8":1,"9":0,"10":1,"11":1,"12":1,"13":1,"14":1,"15":1,"16":1,"17":0,"18":1,"19":3,"20":3,"21":3,"22":3,"23":1,"24":2,"25":1,"26":1,"27":1,"28":0},"f":{"0":2,"1":1,"2":3},"b":{"0":[1,1],"1":[1],"2":[1],"3":[1,2],"4":[1,1],"5":[2,1]},"_coverageSchema":"1a1c01bbd47fc00a2c39e90264f33305004495a9","hash":"ad8307f8d2354845937e73913769a91e29c2db97"}
,"C:\\Users\\Lamberto Nunez\\pet-directory\\controllers\\serviceController.js": {"path":"C:\\Users\\Lamberto Nunez\\pet-directory\\controllers\\serviceController.js","statementMap":{"0":{"start":{"line":1,"column":30},"end":{"line":1,"column":50}},"1":{"start":{"line":4,"column":0},"end":{"line":19,"column":2}},"2":{"start":{"line":5,"column":48},"end":{"line":5,"column":56}},"3":{"start":{"line":6,"column":2},"end":{"line":18,"column":3}},"4":{"start":{"line":7,"column":21},"end":{"line":7,"column":56}},"5":{"start":{"line":8,"column":4},"end":{"line":8,"column":80}},"6":{"start":{"line":8,"column":19},"end":{"line":8,"column":80}},"7":{"start":{"line":10,"column":4},"end":{"line":12,"column":5}},"8":{"start":{"line":11,"column":6},"end":{"line":11,"column":61}},"9":{"start":{"line":14,"column":20},"end":{"line":14,"column":79}},"10":{"start":{"line":15,"column":4},"end":{"line":15,"column":34}},"11":{"start":{"line":17,"column":4},"end":{"line":17,"column":49}},"12":{"start":{"line":22,"column":0},"end":{"line":37,"column":2}},"13":{"start":{"line":23,"column":25},"end":{"line":23,"column":35}},"14":{"start":{"line":24,"column":35},"end":{"line":24,"column":44}},"15":{"start":{"line":25,"column":17},"end":{"line":25,"column":35}},"16":{"start":{"line":27,"column":2},"end":{"line":36,"column":3}},"17":{"start":{"line":28,"column":21},"end":{"line":32,"column":6}},"18":{"start":{"line":33,"column":4},"end":{"line":33,"column":23}},"19":{"start":{"line":35,"column":4},"end":{"line":35,"column":49}},"20":{"start":{"line":42,"column":0},"end":{"line":58,"column":2}},"21":{"start":{"line":43,"column":17},"end":{"line":43,"column":27}},"22":{"start":{"line":44,"column":2},"end":{"line":57,"column":3}},"23":{"start":{"line":45,"column":20},"end":{"line":45,"column":46}},"24":{"start":{"line":46,"column":4},"end":{"line":46,"column":78}},"25":{"start":{"line":46,"column":18},"end":{"line":46,"column":78}},"26":{"start":{"line":48,"column":21},"end":{"line":48,"column":64}},"27":{"start":{"line":49,"column":4},"end":{"line":51,"column":5}},"28":{"start":{"line":50,"column":6},"end":{"line":50,"column":61}},"29":{"start":{"line":53,"column":4},"end":{"line":53,"column":45}},"30":{"start":{"line":54,"column":4},"end":{"line":54,"column":45}},"31":{"start":{"line":56,"column":4},"end":{"line":56,"column":49}}},"fnMap":{"0":{"name":"(anonymous_0)","decl":{"start":{"line":4,"column":24},"end":{"line":4,"column":25}},"loc":{"start":{"line":4,"column":44},"end":{"line":19,"column":1}},"line":4},"1":{"name":"(anonymous_1)","decl":{"start":{"line":22,"column":30},"end":{"line":22,"column":31}},"loc":{"start":{"line":22,"column":50},"end":{"line":37,"column":1}},"line":22},"2":{"name":"(anonymous_2)","decl":{"start":{"line":42,"column":24},"end":{"line":42,"column":25}},"loc":{"start":{"line":42,"column":44},"end":{"line":58,"column":1}},"line":42}},"branchMap":{"0":{"loc":{"start":{"line":8,"column":4},"end":{"line":8,"column":80}},"type":"if","locations":[{"start":{"line":8,"column":4},"end":{"line":8,"column":80}},{"start":{},"end":{}}],"line":8},"1":{"loc":{"start":{"line":10,"column":4},"end":{"line":12,"column":5}},"type":"if","locations":[{"start":{"line":10,"column":4},"end":{"line":12,"column":5}},{"start":{},"end":{}}],"line":10},"2":{"loc":{"start":{"line":10,"column":8},"end":{"line":10,"column":68}},"type":"binary-expr","locations":[{"start":{"line":10,"column":8},"end":{"line":10,"column":39}},{"start":{"line":10,"column":43},"end":{"line":10,"column":68}}],"line":10},"3":{"loc":{"start":{"line":24,"column":10},"end":{"line":24,"column":18}},"type":"default-arg","locations":[{"start":{"line":24,"column":17},"end":{"line":24,"column":18}}],"line":24},"4":{"loc":{"start":{"line":24,"column":20},"end":{"line":24,"column":30}},"type":"default-arg","locations":[{"start":{"line":24,"column":28},"end":{"line":24,"column":30}}],"line":24},"5":{"loc":{"start":{"line":46,"column":4},"end":{"line":46,"column":78}},"type":"if","locations":[{"start":{"line":46,"column":4},"end":{"line":46,"column":78}},{"start":{},"end":{}}],"line":46},"6":{"loc":{"start":{"line":49,"column":4},"end":{"line":51,"column":5}},"type":"if","locations":[{"start":{"line":49,"column":4},"end":{"line":51,"column":5}},{"start":{},"end":{}}],"line":49},"7":{"loc":{"start":{"line":49,"column":8},"end":{"line":49,"column":68}},"type":"binary-expr","locations":[{"start":{"line":49,"column":8},"end":{"line":49,"column":39}},{"start":{"line":49,"column":43},"end":{"line":49,"column":68}}],"line":49}},"s":{"0":1,"1":1,"2":3,"3":3,"4":3,"5":3,"6":1,"7":2,"8":1,"9":1,"10":1,"11":0,"12":1,"13":1,"14":1,"15":1,"16":1,"17":1,"18":1,"19":0,"20":1,"21":3,"22":3,"23":3,"24":3,"25":1,"26":2,"27":2,"28":1,"29":1,"30":1,"31":0},"f":{"0":3,"1":1,"2":3},"b":{"0":[1,2],"1":[1,1],"2":[2,1],"3":[1],"4":[1],"5":[1,2],"6":[1,1],"7":[2,1]},"_coverageSchema":"1a1c01bbd47fc00a2c39e90264f33305004495a9","hash":"e8a795d8dced396e1d19610243d5ec9a171a3e8b"}
,"C:\\Users\\Lamberto Nunez\\pet-directory\\middlewares\\validators\\userValidator.js": {"path":"C:\\Users\\Lamberto Nunez\\pet-directory\\middlewares\\validators\\userValidator.js","statementMap":{"0":{"start":{"line":2,"column":24},"end":{"line":2,"column":52}},"1":{"start":{"line":5,"column":0},"end":{"line":9,"column":2}},"2":{"start":{"line":12,"column":0},"end":{"line":15,"column":2}},"3":{"start":{"line":18,"column":0},"end":{"line":20,"column":2}}},"fnMap":{},"branchMap":{},"s":{"0":1,"1":1,"2":1,"3":1},"f":{},"b":{},"_coverageSchema":"1a1c01bbd47fc00a2c39e90264f33305004495a9","hash":"fd9db95772e2bab34a7610daf61b9d606d0b47ca"}
,"C:\\Users\\Lamberto Nunez\\pet-directory\\middlewares\\validators\\validateMiddleware.js": {"path":"C:\\Users\\Lamberto Nunez\\pet-directory\\middlewares\\validators\\validateMiddleware.js","statementMap":{"0":{"start":{"line":2,"column":29},"end":{"line":2,"column":57}},"1":{"start":{"line":4,"column":0},"end":{"line":18,"column":2}},"2":{"start":{"line":5,"column":17},"end":{"line":5,"column":38}},"3":{"start":{"line":7,"column":2},"end":{"line":15,"column":3}},"4":{"start":{"line":8,"column":4},"end":{"line":14,"column":7}},"5":{"start":{"line":10,"column":42},"end":{"line":13,"column":7}},"6":{"start":{"line":17,"column":2},"end":{"line":17,"column":9}}},"fnMap":{"0":{"name":"(anonymous_0)","decl":{"start":{"line":4,"column":19},"end":{"line":4,"column":20}},"loc":{"start":{"line":4,"column":39},"end":{"line":18,"column":1}},"line":4},"1":{"name":"(anonymous_1)","decl":{"start":{"line":10,"column":34},"end":{"line":10,"column":35}},"loc":{"start":{"line":10,"column":42},"end":{"line":13,"column":7}},"line":10}},"branchMap":{"0":{"loc":{"start":{"line":7,"column":2},"end":{"line":15,"column":3}},"type":"if","locations":[{"start":{"line":7,"column":2},"end":{"line":15,"column":3}},{"start":{},"end":{}}],"line":7}},"s":{"0":1,"1":1,"2":0,"3":0,"4":0,"5":0,"6":0},"f":{"0":0,"1":0},"b":{"0":[0,0]},"_coverageSchema":"1a1c01bbd47fc00a2c39e90264f33305004495a9","hash":"e2d067649d43bbee686ad64732fb7ec2eb838c1a"}
,"C:\\Users\\Lamberto Nunez\\pet-directory\\models\\business.js": {"path":"C:\\Users\\Lamberto Nunez\\pet-directory\\models\\business.js","statementMap":{"0":{"start":{"line":2,"column":0},"end":{"line":27,"column":2}},"1":{"start":{"line":3,"column":19},"end":{"line":20,"column":33}},"2":{"start":{"line":22,"column":2},"end":{"line":24,"column":4}},"3":{"start":{"line":23,"column":4},"end":{"line":23,"column":62}},"4":{"start":{"line":26,"column":2},"end":{"line":26,"column":18}}},"fnMap":{"0":{"name":"(anonymous_0)","decl":{"start":{"line":2,"column":17},"end":{"line":2,"column":18}},"loc":{"start":{"line":2,"column":43},"end":{"line":27,"column":1}},"line":2},"1":{"name":"(anonymous_1)","decl":{"start":{"line":22,"column":23},"end":{"line":22,"column":24}},"loc":{"start":{"line":22,"column":35},"end":{"line":24,"column":3}},"line":22}},"branchMap":{},"s":{"0":5,"1":5,"2":5,"3":5,"4":5},"f":{"0":5,"1":5},"b":{},"_coverageSchema":"1a1c01bbd47fc00a2c39e90264f33305004495a9","hash":"3363afec6c71d972b862f9147799bd749e95640e"}
,"C:\\Users\\Lamberto Nunez\\pet-directory\\models\\index.js": {"path":"C:\\Users\\Lamberto Nunez\\pet-directory\\models\\index.js","statementMap":{"0":{"start":{"line":4,"column":11},"end":{"line":4,"column":24}},"1":{"start":{"line":5,"column":13},"end":{"line":5,"column":28}},"2":{"start":{"line":6,"column":18},"end":{"line":6,"column":38}},"3":{"start":{"line":7,"column":17},"end":{"line":7,"column":42}},"4":{"start":{"line":8,"column":12},"end":{"line":8,"column":49}},"5":{"start":{"line":9,"column":15},"end":{"line":9,"column":63}},"6":{"start":{"line":10,"column":11},"end":{"line":10,"column":13}},"7":{"start":{"line":13,"column":0},"end":{"line":17,"column":1}},"8":{"start":{"line":14,"column":2},"end":{"line":14,"column":74}},"9":{"start":{"line":16,"column":2},"end":{"line":16,"column":87}},"10":{"start":{"line":19,"column":0},"end":{"line":27,"column":5}},"11":{"start":{"line":22,"column":4},"end":{"line":22,"column":90}},"12":{"start":{"line":25,"column":18},"end":{"line":25,"column":85}},"13":{"start":{"line":26,"column":4},"end":{"line":26,"column":27}},"14":{"start":{"line":29,"column":0},"end":{"line":33,"column":3}},"15":{"start":{"line":30,"column":2},"end":{"line":32,"column":3}},"16":{"start":{"line":31,"column":4},"end":{"line":31,"column":32}},"17":{"start":{"line":35,"column":0},"end":{"line":35,"column":25}},"18":{"start":{"line":36,"column":0},"end":{"line":36,"column":25}},"19":{"start":{"line":38,"column":0},"end":{"line":38,"column":20}}},"fnMap":{"0":{"name":"(anonymous_0)","decl":{"start":{"line":21,"column":10},"end":{"line":21,"column":11}},"loc":{"start":{"line":21,"column":18},"end":{"line":23,"column":3}},"line":21},"1":{"name":"(anonymous_1)","decl":{"start":{"line":24,"column":11},"end":{"line":24,"column":12}},"loc":{"start":{"line":24,"column":19},"end":{"line":27,"column":3}},"line":24},"2":{"name":"(anonymous_2)","decl":{"start":{"line":29,"column":24},"end":{"line":29,"column":25}},"loc":{"start":{"line":29,"column":37},"end":{"line":33,"column":1}},"line":29}},"branchMap":{"0":{"loc":{"start":{"line":8,"column":12},"end":{"line":8,"column":49}},"type":"binary-expr","locations":[{"start":{"line":8,"column":12},"end":{"line":8,"column":32}},{"start":{"line":8,"column":36},"end":{"line":8,"column":49}}],"line":8},"1":{"loc":{"start":{"line":13,"column":0},"end":{"line":17,"column":1}},"type":"if","locations":[{"start":{"line":13,"column":0},"end":{"line":17,"column":1}},{"start":{"line":15,"column":7},"end":{"line":17,"column":1}}],"line":13},"2":{"loc":{"start":{"line":22,"column":11},"end":{"line":22,"column":89}},"type":"binary-expr","locations":[{"start":{"line":22,"column":12},"end":{"line":22,"column":35}},{"start":{"line":22,"column":41},"end":{"line":22,"column":58}},{"start":{"line":22,"column":64},"end":{"line":22,"column":88}}],"line":22},"3":{"loc":{"start":{"line":30,"column":2},"end":{"line":32,"column":3}},"type":"if","locations":[{"start":{"line":30,"column":2},"end":{"line":32,"column":3}},{"start":{},"end":{}}],"line":30}},"s":{"0":5,"1":5,"2":5,"3":5,"4":5,"5":5,"6":5,"7":5,"8":0,"9":5,"10":5,"11":30,"12":25,"13":25,"14":5,"15":25,"16":25,"17":5,"18":5,"19":5},"f":{"0":30,"1":25,"2":25},"b":{"0":[5,0],"1":[0,5],"2":[30,30,25],"3":[25,0]},"_coverageSchema":"1a1c01bbd47fc00a2c39e90264f33305004495a9","hash":"3fe7d1d5cdb817aed129f3e5064743045ad48474"}
,"C:\\Users\\Lamberto Nunez\\pet-directory\\models\\pet.js": {"path":"C:\\Users\\Lamberto Nunez\\pet-directory\\models\\pet.js","statementMap":{"0":{"start":{"line":2,"column":0},"end":{"line":17,"column":2}},"1":{"start":{"line":3,"column":14},"end":{"line":10,"column":27}},"2":{"start":{"line":12,"column":2},"end":{"line":14,"column":4}},"3":{"start":{"line":13,"column":4},"end":{"line":13,"column":57}},"4":{"start":{"line":16,"column":2},"end":{"line":16,"column":13}}},"fnMap":{"0":{"name":"(anonymous_0)","decl":{"start":{"line":2,"column":17},"end":{"line":2,"column":18}},"loc":{"start":{"line":2,"column":43},"end":{"line":17,"column":1}},"line":2},"1":{"name":"(anonymous_1)","decl":{"start":{"line":12,"column":18},"end":{"line":12,"column":19}},"loc":{"start":{"line":12,"column":30},"end":{"line":14,"column":3}},"line":12}},"branchMap":{},"s":{"0":5,"1":5,"2":5,"3":5,"4":5},"f":{"0":5,"1":5},"b":{},"_coverageSchema":"1a1c01bbd47fc00a2c39e90264f33305004495a9","hash":"db4eab88249d91ff71378ac95a80d08858adaf42"}
,"C:\\Users\\Lamberto Nunez\\pet-directory\\models\\review.js": {"path":"C:\\Users\\Lamberto Nunez\\pet-directory\\models\\review.js","statementMap":{"0":{"start":{"line":2,"column":0},"end":{"line":19,"column":2}},"1":{"start":{"line":3,"column":17},"end":{"line":10,"column":30}},"2":{"start":{"line":12,"column":2},"end":{"line":16,"column":4}},"3":{"start":{"line":13,"column":4},"end":{"line":13,"column":60}},"4":{"start":{"line":14,"column":4},"end":{"line":14,"column":68}},"5":{"start":{"line":15,"column":4},"end":{"line":15,"column":66}},"6":{"start":{"line":18,"column":2},"end":{"line":18,"column":16}}},"fnMap":{"0":{"name":"(anonymous_0)","decl":{"start":{"line":2,"column":17},"end":{"line":2,"column":18}},"loc":{"start":{"line":2,"column":43},"end":{"line":19,"column":1}},"line":2},"1":{"name":"(anonymous_1)","decl":{"start":{"line":12,"column":21},"end":{"line":12,"column":22}},"loc":{"start":{"line":12,"column":33},"end":{"line":16,"column":3}},"line":12}},"branchMap":{},"s":{"0":5,"1":5,"2":5,"3":5,"4":5,"5":5,"6":5},"f":{"0":5,"1":5},"b":{},"_coverageSchema":"1a1c01bbd47fc00a2c39e90264f33305004495a9","hash":"6f01eeb8702621f13f6b76451f7b26c2674427f4"}
,"C:\\Users\\Lamberto Nunez\\pet-directory\\models\\service.js": {"path":"C:\\Users\\Lamberto Nunez\\pet-directory\\models\\service.js","statementMap":{"0":{"start":{"line":2,"column":0},"end":{"line":20,"column":2}},"1":{"start":{"line":3,"column":18},"end":{"line":13,"column":31}},"2":{"start":{"line":15,"column":2},"end":{"line":17,"column":4}},"3":{"start":{"line":16,"column":4},"end":{"line":16,"column":69}},"4":{"start":{"line":19,"column":2},"end":{"line":19,"column":17}}},"fnMap":{"0":{"name":"(anonymous_0)","decl":{"start":{"line":2,"column":17},"end":{"line":2,"column":18}},"loc":{"start":{"line":2,"column":43},"end":{"line":20,"column":1}},"line":2},"1":{"name":"(anonymous_1)","decl":{"start":{"line":15,"column":22},"end":{"line":15,"column":23}},"loc":{"start":{"line":15,"column":34},"end":{"line":17,"column":3}},"line":15}},"branchMap":{},"s":{"0":5,"1":5,"2":5,"3":5,"4":5},"f":{"0":5,"1":5},"b":{},"_coverageSchema":"1a1c01bbd47fc00a2c39e90264f33305004495a9","hash":"32e70b0c1e6e4743e959600f8719f13414392f95"}
,"C:\\Users\\Lamberto Nunez\\pet-directory\\models\\user.js": {"path":"C:\\Users\\Lamberto Nunez\\pet-directory\\models\\user.js","statementMap":{"0":{"start":{"line":1,"column":0},"end":{"line":36,"column":2}},"1":{"start":{"line":2,"column":15},"end":{"line":27,"column":4}},"2":{"start":{"line":29,"column":2},"end":{"line":33,"column":4}},"3":{"start":{"line":30,"column":4},"end":{"line":30,"column":81}},"4":{"start":{"line":31,"column":4},"end":{"line":31,"column":76}},"5":{"start":{"line":32,"column":4},"end":{"line":32,"column":79}},"6":{"start":{"line":35,"column":2},"end":{"line":35,"column":14}}},"fnMap":{"0":{"name":"(anonymous_0)","decl":{"start":{"line":1,"column":17},"end":{"line":1,"column":18}},"loc":{"start":{"line":1,"column":43},"end":{"line":36,"column":1}},"line":1},"1":{"name":"(anonymous_1)","decl":{"start":{"line":29,"column":19},"end":{"line":29,"column":20}},"loc":{"start":{"line":29,"column":31},"end":{"line":33,"column":3}},"line":29}},"branchMap":{},"s":{"0":5,"1":5,"2":5,"3":5,"4":5,"5":5,"6":5},"f":{"0":5,"1":5},"b":{},"_coverageSchema":"1a1c01bbd47fc00a2c39e90264f33305004495a9","hash":"5bce004f07d3a3ca5e57c04427efd45936905dd2"}
,"C:\\Users\\Lamberto Nunez\\pet-directory\\routes\\auth.js": {"path":"C:\\Users\\Lamberto Nunez\\pet-directory\\routes\\auth.js","statementMap":{"0":{"start":{"line":2,"column":16},"end":{"line":2,"column":34}},"1":{"start":{"line":3,"column":15},"end":{"line":3,"column":31}},"2":{"start":{"line":4,"column":28},"end":{"line":4,"column":68}},"3":{"start":{"line":5,"column":46},"end":{"line":5,"column":96}},"4":{"start":{"line":6,"column":21},"end":{"line":6,"column":76}},"5":{"start":{"line":9,"column":0},"end":{"line":9,"column":64}},"6":{"start":{"line":10,"column":0},"end":{"line":10,"column":55}},"7":{"start":{"line":12,"column":0},"end":{"line":12,"column":24}}},"fnMap":{},"branchMap":{},"s":{"0":1,"1":1,"2":1,"3":1,"4":1,"5":1,"6":1,"7":1},"f":{},"b":{},"_coverageSchema":"1a1c01bbd47fc00a2c39e90264f33305004495a9","hash":"04e60ff77e530190149253b597e9cc54a775a5cc"}
}
